Using pre-set license
Built from '2020.3/staging' branch; Version is '2020.3.40f1 (ba48d4efcef1) revision 12208340'; Using compiler version '192528614'; Build Type 'Release'
OS: 'Windows 10  (10.0.19044) 64bit Professional' Language: 'ru' Physical Memory: 16320 MB
BatchMode: 1, IsHumanControllingUs: 0, StartBugReporterOnCrash: 0, Is64bit: 1, IsPro: 0

COMMAND LINE ARGUMENTS:
C:\Program Files\Unity\Hub\Editor\2020.3.40f1\Editor\Unity.exe
-adb2
-batchMode
-noUpm
-name
AssetImportWorker0
-projectPath
C:/Users/gor28/DoterSimulator
-logFile
Logs/AssetImportWorker0.log
-srvPort
60121
Successfully changed project path to: C:/Users/gor28/DoterSimulator
C:/Users/gor28/DoterSimulator
Using Asset Import Pipeline V2.
Refreshing native plugins compatible for Editor in 55.25 ms, found 3 plugins.
Preloading 0 native plugins for Editor in 0.00 ms.
Initialize engine version: 2020.3.40f1 (ba48d4efcef1)
[Subsystems] Discovering subsystems at path C:/Program Files/Unity/Hub/Editor/2020.3.40f1/Editor/Data/Resources/UnitySubsystems
[Subsystems] Discovering subsystems at path C:/Users/gor28/DoterSimulator/Assets
GfxDevice: creating device client; threaded=0
Direct3D:
    Version:  Direct3D 11.0 [level 11.1]
    Renderer: NVIDIA GeForce GTX 1050 Ti (ID=0x1c82)
    Vendor:   
    VRAM:     4018 MB
    Driver:   30.0.15.1295
Initialize mono
Mono path[0] = 'C:/Program Files/Unity/Hub/Editor/2020.3.40f1/Editor/Data/Managed'
Mono path[1] = 'C:/Program Files/Unity/Hub/Editor/2020.3.40f1/Editor/Data/MonoBleedingEdge/lib/mono/unityjit'
Mono config path = 'C:/Program Files/Unity/Hub/Editor/2020.3.40f1/Editor/Data/MonoBleedingEdge/etc'
Using monoOptions --debugger-agent=transport=dt_socket,embedding=1,server=y,suspend=n,address=127.0.0.1:56752
Begin MonoManager ReloadAssembly
Registering precompiled unity dll's ...
Register platform support module: C:/Program Files/Unity/Hub/Editor/2020.3.40f1/Editor/Data/PlaybackEngines/WebGLSupport/UnityEditor.WebGL.Extensions.dll
Register platform support module: C:/Program Files/Unity/Hub/Editor/2020.3.40f1/Editor/Data/PlaybackEngines/WindowsStandaloneSupport/UnityEditor.WindowsStandalone.Extensions.dll
Registered in 0.002932 seconds.
Native extension for WindowsStandalone target not found
Native extension for WebGL target not found
Refreshing native plugins compatible for Editor in 52.05 ms, found 3 plugins.
Preloading 0 native plugins for Editor in 0.00 ms.
Mono: successfully reloaded assembly
- Completed reload, in  0.689 seconds
Domain Reload Profiling:
	ReloadAssembly (689ms)
		BeginReloadAssembly (80ms)
			ExecutionOrderSort (0ms)
			DisableScriptedObjects (0ms)
			BackupInstance (0ms)
			ReleaseScriptingObjects (0ms)
			CreateAndSetChildDomain (1ms)
		EndReloadAssembly (521ms)
			LoadAssemblies (79ms)
			RebuildTransferFunctionScriptingTraits (0ms)
			SetupTypeCache (175ms)
			ReleaseScriptCaches (0ms)
			RebuildScriptCaches (37ms)
			SetupLoadedEditorAssemblies (198ms)
				LogAssemblyErrors (0ms)
				InitializePlatformSupportModulesInManaged (7ms)
				SetLoadedEditorAssemblies (0ms)
				RefreshPlugins (52ms)
				BeforeProcessingInitializeOnLoad (14ms)
				ProcessInitializeOnLoadAttributes (94ms)
				ProcessInitializeOnLoadMethodAttributes (30ms)
				AfterProcessingInitializeOnLoad (0ms)
				EditorAssembliesLoaded (0ms)
			ExecutionOrderSort2 (0ms)
			AwakeInstancesAfterBackupRestoration (0ms)
Platform modules already initialized, skipping
Registering precompiled user dll's ...
Registered in 0.004088 seconds.
Begin MonoManager ReloadAssembly
Native extension for WindowsStandalone target not found
Native extension for WebGL target not found
Refreshing native plugins compatible for Editor in 51.51 ms, found 3 plugins.
Preloading 0 native plugins for Editor in 0.00 ms.
Mono: successfully reloaded assembly
- Completed reload, in  1.286 seconds
Domain Reload Profiling:
	ReloadAssembly (1287ms)
		BeginReloadAssembly (177ms)
			ExecutionOrderSort (0ms)
			DisableScriptedObjects (5ms)
			BackupInstance (0ms)
			ReleaseScriptingObjects (0ms)
			CreateAndSetChildDomain (21ms)
		EndReloadAssembly (1039ms)
			LoadAssemblies (119ms)
			RebuildTransferFunctionScriptingTraits (0ms)
			SetupTypeCache (347ms)
			ReleaseScriptCaches (1ms)
			RebuildScriptCaches (58ms)
			SetupLoadedEditorAssemblies (398ms)
				LogAssemblyErrors (0ms)
				InitializePlatformSupportModulesInManaged (5ms)
				SetLoadedEditorAssemblies (0ms)
				RefreshPlugins (52ms)
				BeforeProcessingInitializeOnLoad (92ms)
				ProcessInitializeOnLoadAttributes (218ms)
				ProcessInitializeOnLoadMethodAttributes (23ms)
				AfterProcessingInitializeOnLoad (8ms)
				EditorAssembliesLoaded (0ms)
			ExecutionOrderSort2 (0ms)
			AwakeInstancesAfterBackupRestoration (2ms)
Platform modules already initialized, skipping
========================================================================
Worker process is ready to serve import requests
Launched and connected shader compiler UnityShaderCompiler.exe after 0.06 seconds
Refreshing native plugins compatible for Editor in 0.48 ms, found 3 plugins.
Preloading 0 native plugins for Editor in 0.00 ms.
Unloading 2241 Unused Serialized files (Serialized files now loaded: 0)
System memory in use before: 98.1 MB.
System memory in use after: 98.0 MB.

Unloading 31 unused Assets to reduce memory usage. Loaded Objects now: 2674.
Total: 3.669400 ms (FindLiveObjects: 0.175000 ms CreateObjectMapping: 0.101100 ms MarkObjects: 3.235700 ms  DeleteObjects: 0.156800 ms)

AssetImportParameters requested are different than current active one (requested -> active):
  custom:framework-win-MediaFoundation: 216162199b28c13a410421893ffa2e32 -> 
  custom:video-decoder-ogg-theora: a1e56fd34408186e4bbccfd4996cb3dc -> 
  custom:container-muxer-webm: aa71ff27fc2769a1b78a27578f13a17b -> 
  custom:container-demuxer-webm: 4f35f7cbe854078d1ac9338744f61a02 -> 
  custom:container-demuxer-ogg: 62fdf1f143b41e24485cea50d1cbac27 -> 
  custom:video-encoder-webm-vp8: eb34c28f22e8b96e1ab97ce403110664 -> 
  custom:video-decoder-webm-vp8: 9c59270c3fd7afecdb556c50c9e8de78 -> 
  custom:audio-decoder-ogg-vorbis: bf7c407c2cedff20999df2af8eb42d56 -> 
  custom:audio-encoder-webm-vorbis: bf7c407c2cedff20999df2af8eb42d56 -> 
========================================================================
Received Import Request.
  path: Assets/Sprites/Square.png
  artifactKey: Guid(6a105bf001cf6734d8fd1e409bae1f6d) Importer(815301076,1909f56bfc062723c751e8b465ee728b)
Start importing Assets/Sprites/Square.png using Guid(6a105bf001cf6734d8fd1e409bae1f6d) Importer(815301076,1909f56bfc062723c751e8b465ee728b)  -> (artifact id: 'ac673ca86a56512a3ef135899ada9480') in 0.265971 seconds 
========================================================================
Received Import Request.
  Time since last request: 0.000318 seconds.
  path: Assets/Sprites
  artifactKey: Guid(c7e7bd7aa6c6e1242861f922975e61c8) Importer(815301076,1909f56bfc062723c751e8b465ee728b)
Start importing Assets/Sprites using Guid(c7e7bd7aa6c6e1242861f922975e61c8) Importer(815301076,1909f56bfc062723c751e8b465ee728b)  -> (artifact id: '7d05c4f1ef17de1c27e27cadf90fb58f') in 0.010102 seconds 
========================================================================
Received Import Request.
  Time since last request: 7.625735 seconds.
  path: Assets/Sprites/Medals
  artifactKey: Guid(6a7c669a2ffcefa448aa9a8c5f1ccd32) Importer(815301076,1909f56bfc062723c751e8b465ee728b)
Start importing Assets/Sprites/Medals using Guid(6a7c669a2ffcefa448aa9a8c5f1ccd32) Importer(815301076,1909f56bfc062723c751e8b465ee728b)  -> (artifact id: 'a26c38c3d39db7aae9f919c72b38bd6b') in 0.008634 seconds 
========================================================================
Received Import Request.
  Time since last request: 16.496721 seconds.
  path: Assets/Sprites/Medals/Ancient
  artifactKey: Guid(494d76b6f0d8ba84ebce93fcc9078cc9) Importer(815301076,1909f56bfc062723c751e8b465ee728b)
Start importing Assets/Sprites/Medals/Ancient using Guid(494d76b6f0d8ba84ebce93fcc9078cc9) Importer(815301076,1909f56bfc062723c751e8b465ee728b)  -> (artifact id: 'b2e2cfa3ad03c1e83f0626dd33bd3abe') in 0.008858 seconds 
========================================================================
Received Import Request.
  Time since last request: 0.018986 seconds.
  path: Assets/Sprites/Medals/Ancient/140px-SeasonalRank6-1.png
  artifactKey: Guid(d4ddc9c8440d1544c8c92a275508e6c7) Importer(815301076,1909f56bfc062723c751e8b465ee728b)
Start importing Assets/Sprites/Medals/Ancient/140px-SeasonalRank6-1.png using Guid(d4ddc9c8440d1544c8c92a275508e6c7) Importer(815301076,1909f56bfc062723c751e8b465ee728b)  -> (artifact id: '03aa316e9455396913258ed13ae6900b') in 0.022406 seconds 
========================================================================
Received Import Request.
  Time since last request: 0.000381 seconds.
  path: Assets/Sprites/Medals/Ancient/140px-SeasonalRank6-2.png
  artifactKey: Guid(a0f05a57bc8ad854c9f3568d21a255dc) Importer(815301076,1909f56bfc062723c751e8b465ee728b)
Start importing Assets/Sprites/Medals/Ancient/140px-SeasonalRank6-2.png using Guid(a0f05a57bc8ad854c9f3568d21a255dc) Importer(815301076,1909f56bfc062723c751e8b465ee728b)  -> (artifact id: 'b29997af96a1777bc174adfb5ff1da6a') in 0.025852 seconds 
========================================================================
Received Import Request.
  Time since last request: 0.000438 seconds.
  path: Assets/Sprites/Medals/Ancient/140px-SeasonalRank6-5.png
  artifactKey: Guid(d4d3cc9e9d1468d41a0ce194283bb18b) Importer(815301076,1909f56bfc062723c751e8b465ee728b)
Start importing Assets/Sprites/Medals/Ancient/140px-SeasonalRank6-5.png using Guid(d4d3cc9e9d1468d41a0ce194283bb18b) Importer(815301076,1909f56bfc062723c751e8b465ee728b)  -> (artifact id: 'dfeb6994732e79dca1a1695d14d49104') in 0.021442 seconds 
========================================================================
Received Import Request.
  Time since last request: 0.000236 seconds.
  path: Assets/Sprites/Medals/Ancient/140px-SeasonalRank6-3.png
  artifactKey: Guid(bddcd854e7f6eff418d88de7ac928bab) Importer(815301076,1909f56bfc062723c751e8b465ee728b)
Start importing Assets/Sprites/Medals/Ancient/140px-SeasonalRank6-3.png using Guid(bddcd854e7f6eff418d88de7ac928bab) Importer(815301076,1909f56bfc062723c751e8b465ee728b)  -> (artifact id: '51e8a7a0a44cf96f3e3e8369d18fe803') in 0.022861 seconds 
========================================================================
Received Import Request.
  Time since last request: 0.000193 seconds.
  path: Assets/Sprites/Medals/Ancient/140px-SeasonalRank6-4.png
  artifactKey: Guid(81afa1d2d2d4b784b8c116d4a38ca91a) Importer(815301076,1909f56bfc062723c751e8b465ee728b)
Start importing Assets/Sprites/Medals/Ancient/140px-SeasonalRank6-4.png using Guid(81afa1d2d2d4b784b8c116d4a38ca91a) Importer(815301076,1909f56bfc062723c751e8b465ee728b)  -> (artifact id: '9a3b40550d50801ca584b4672dfc66c4') in 0.021894 seconds 
========================================================================
Received Import Request.
  Time since last request: 4.211722 seconds.
  path: Assets/Sprites/Medals/Divine
  artifactKey: Guid(bb36cf90119b41245b7bdd6a25cd3fd7) Importer(815301076,1909f56bfc062723c751e8b465ee728b)
Start importing Assets/Sprites/Medals/Divine using Guid(bb36cf90119b41245b7bdd6a25cd3fd7) Importer(815301076,1909f56bfc062723c751e8b465ee728b)  -> (artifact id: '0b5663d4c2c3ddcb10f3d2bbfc8d440f') in 0.009812 seconds 
========================================================================
Received Import Request.
  Time since last request: 0.024466 seconds.
  path: Assets/Sprites/Medals/Divine/140px-SeasonalRank7-1.png
  artifactKey: Guid(e478c6609581fb84986998b059ff8c04) Importer(815301076,1909f56bfc062723c751e8b465ee728b)
Start importing Assets/Sprites/Medals/Divine/140px-SeasonalRank7-1.png using Guid(e478c6609581fb84986998b059ff8c04) Importer(815301076,1909f56bfc062723c751e8b465ee728b)  -> (artifact id: '9ce3d739fadc0c3bc4d6300d8df5b16f') in 0.019457 seconds 
========================================================================
Received Import Request.
  Time since last request: 0.000278 seconds.
  path: Assets/Sprites/Medals/Divine/140px-SeasonalRank7-5.png
  artifactKey: Guid(8f4c5c6a08d434a45844038699f0a7e9) Importer(815301076,1909f56bfc062723c751e8b465ee728b)
Start importing Assets/Sprites/Medals/Divine/140px-SeasonalRank7-5.png using Guid(8f4c5c6a08d434a45844038699f0a7e9) Importer(815301076,1909f56bfc062723c751e8b465ee728b)  -> (artifact id: '50dfcf1fd9175c3ff0b2a94bdc6368c3') in 0.021777 seconds 
========================================================================
Received Import Request.
  Time since last request: 0.000324 seconds.
  path: Assets/Sprites/Medals/Divine/140px-SeasonalRank7-4.png
  artifactKey: Guid(5265c622bfc9552488dfe5e7208791e5) Importer(815301076,1909f56bfc062723c751e8b465ee728b)
Start importing Assets/Sprites/Medals/Divine/140px-SeasonalRank7-4.png using Guid(5265c622bfc9552488dfe5e7208791e5) Importer(815301076,1909f56bfc062723c751e8b465ee728b)  -> (artifact id: '4f3d852c8c33d0bb815080753ec3cceb') in 0.024329 seconds 
========================================================================
Received Import Request.
  Time since last request: 0.000343 seconds.
  path: Assets/Sprites/Medals/Divine/140px-SeasonalRank7-3.png
  artifactKey: Guid(482fdd19eff6b0041a891fa5fd5e6172) Importer(815301076,1909f56bfc062723c751e8b465ee728b)
Start importing Assets/Sprites/Medals/Divine/140px-SeasonalRank7-3.png using Guid(482fdd19eff6b0041a891fa5fd5e6172) Importer(815301076,1909f56bfc062723c751e8b465ee728b)  -> (artifact id: 'ed11602b697f198a921650994f718341') in 0.022693 seconds 
========================================================================
Received Import Request.
  Time since last request: 0.000273 seconds.
  path: Assets/Sprites/Medals/Divine/140px-SeasonalRank7-2.png
  artifactKey: Guid(8fcce08e366abc54abbf6d757c5e7c4c) Importer(815301076,1909f56bfc062723c751e8b465ee728b)
Start importing Assets/Sprites/Medals/Divine/140px-SeasonalRank7-2.png using Guid(8fcce08e366abc54abbf6d757c5e7c4c) Importer(815301076,1909f56bfc062723c751e8b465ee728b)  -> (artifact id: 'a9541efbc2fcff88b5a8b00041f41fa9') in 0.022139 seconds 
AssetImportWorkerClient::OnTransportError - code=2 error=End of file
